<?xml version="1.0" encoding="UTF-8"?>
<!-- Generated by org.testng.reporters.JUnitXMLReporter -->
<testsuite ignored="0" hostname="DESKTOP-CG7MH85" failures="0" tests="9" name="Default test" time="0.067" errors="0" timestamp="2023-01-20T14:09:11 IST">
  <testcase classname="test.CarLoan" name="CarLoan1" time="0.011"/>
  <testcase classname="test.CarLoan" name="CarLoan2" time="0.002"/>
  <testcase classname="test.CarLoan" name="CarLoan3" time="0.002"/>
  <testcase classname="test.HomeLoan" name="HomeLoan1" time="0.001"/>
  <testcase classname="test.HomeLoan" name="HomeLoan2" time="0.001"/>
  <testcase classname="test.HomeLoan" name="HomeLoan3" time="0.001"/>
  <testcase classname="test.LoanDepartment" name="Loan1" time="0.002"/>
  <testcase classname="test.LoanDepartment" name="Loan2" time="0.001"/>
  <testcase classname="test.LoanDepartment" name="Loan3" time="0.001"/>
</testsuite> <!-- Default test -->
