<?xml version="1.0" encoding="UTF-8"?>
<!-- Generated by org.testng.reporters.JUnitXMLReporter -->
<testsuite ignored="0" hostname="DESKTOP-CG7MH85" failures="0" tests="9" name="Test" time="0.074" errors="0" timestamp="2023-01-20T14:27:55 IST">
  <testcase classname="test.LoanDepartment" name="Loan1" time="0.012"/>
  <testcase classname="test.LoanDepartment" name="Loan2" time="0.001"/>
  <testcase classname="test.LoanDepartment" name="Loan3" time="0.001"/>
  <testcase classname="test.HomeLoan" name="HomeLoan1" time="0.001"/>
  <testcase classname="test.HomeLoan" name="HomeLoan2" time="0.001"/>
  <testcase classname="test.HomeLoan" name="HomeLoan3" time="0.001"/>
  <testcase classname="test.CarLoan" name="CarLoan1" time="0.001"/>
  <testcase classname="test.CarLoan" name="CarLoan2" time="0.001"/>
  <testcase classname="test.CarLoan" name="CarLoan3" time="0.001"/>
</testsuite> <!-- Test -->
